<?xml version="1.0" encoding="UTF-8"?>
<testng-results ignored="0" total="1" passed="1" failed="0" skipped="0">
  <reporter-output>
  </reporter-output>
  <suite started-at="2024-11-29T15:09:54 IST" name="Suite" finished-at="2024-11-29T15:10:39 IST" duration-ms="44250">
    <groups>
    </groups>
    <test started-at="2024-11-29T15:09:54 IST" name="ChromeTest" finished-at="2024-11-29T15:10:39 IST" duration-ms="44250">
      <class name="qa.tests.TestCase1">
        <test-method is-config="true" signature="beforeTestMethod()[pri:0, instance:qa.tests.TestCase1@2d710f1a]" started-at="2024-11-29T15:09:54 IST" name="beforeTestMethod" finished-at="2024-11-29T15:09:55 IST" duration-ms="547" status="PASS">
          <reporter-output>
          </reporter-output>
        </test-method> <!-- beforeTestMethod -->
        <test-method is-config="true" signature="beforeMethodMethod(java.lang.String,java.lang.reflect.Method)[pri:0, instance:qa.tests.TestCase1@2d710f1a]" started-at="2024-11-29T15:09:55 IST" name="beforeMethodMethod" finished-at="2024-11-29T15:10:33 IST" duration-ms="37774" status="PASS">
          <params>
            <param index="0">
              <value>
                <![CDATA[chrome]]>
              </value>
            </param>
            <param index="1">
              <value>
                <![CDATA[public void qa.tests.TestCase1.sampleMethodForEnteringCredentials()]]>
              </value>
            </param>
          </params>
          <reporter-output>
          </reporter-output>
        </test-method> <!-- beforeMethodMethod -->
        <test-method signature="sampleMethodForEnteringCredentials()[pri:0, instance:qa.tests.TestCase1@2d710f1a]" started-at="2024-11-29T15:10:33 IST" name="sampleMethodForEnteringCredentials" finished-at="2024-11-29T15:10:38 IST" duration-ms="5118" status="PASS">
          <reporter-output>
          </reporter-output>
        </test-method> <!-- sampleMethodForEnteringCredentials -->
        <test-method is-config="true" signature="afterMethod(org.testng.ITestResult)[pri:0, instance:qa.tests.TestCase1@2d710f1a]" started-at="2024-11-29T15:10:38 IST" name="afterMethod" finished-at="2024-11-29T15:10:38 IST" duration-ms="336" status="PASS">
          <params>
            <param index="0">
              <value>
                <![CDATA[[TestResult name=sampleMethodForEnteringCredentials status=SUCCESS method=TestCase1.sampleMethodForEnteringCredentials()[pri:0, instance:qa.tests.TestCase1@2d710f1a] output={null}]]]>
              </value>
            </param>
          </params>
          <reporter-output>
          </reporter-output>
        </test-method> <!-- afterMethod -->
        <test-method is-config="true" signature="afterTest()[pri:0, instance:qa.tests.TestCase1@2d710f1a]" started-at="2024-11-29T15:10:38 IST" name="afterTest" finished-at="2024-11-29T15:10:39 IST" duration-ms="433" status="PASS">
          <reporter-output>
          </reporter-output>
        </test-method> <!-- afterTest -->
      </class> <!-- qa.tests.TestCase1 -->
    </test> <!-- ChromeTest -->
  </suite> <!-- Suite -->
</testng-results>
